0 info it worked if it ends with ok
1 verbose cli [ '/usr/bin/node', '/usr/bin/npm', 'install', '-g', 'uglify-js' ]
2 info using npm@1.4.28
3 info using node@v0.10.33
4 verbose node symlink /usr/bin/node
5 verbose cache add [ 'uglify-js', null ]
6 verbose cache add name=undefined spec="uglify-js" args=["uglify-js",null]
7 verbose parsed url { protocol: null,
7 verbose parsed url   slashes: null,
7 verbose parsed url   auth: null,
7 verbose parsed url   host: null,
7 verbose parsed url   port: null,
7 verbose parsed url   hostname: null,
7 verbose parsed url   hash: null,
7 verbose parsed url   search: null,
7 verbose parsed url   query: null,
7 verbose parsed url   pathname: 'uglify-js',
7 verbose parsed url   path: 'uglify-js',
7 verbose parsed url   href: 'uglify-js' }
8 silly lockFile d31cae06-uglify-js uglify-js
9 verbose lock uglify-js /home/kosmos/.npm/d31cae06-uglify-js.lock
10 silly lockFile d31cae06-uglify-js uglify-js
11 silly lockFile d31cae06-uglify-js uglify-js
12 verbose addNamed [ 'uglify-js', '' ]
13 verbose addNamed [ null, '*' ]
14 silly lockFile 679a1028-uglify-js uglify-js@
15 verbose lock uglify-js@ /home/kosmos/.npm/679a1028-uglify-js.lock
16 silly addNameRange { name: 'uglify-js', range: '*', hasData: false }
17 verbose request where is /uglify-js
18 verbose request registry https://registry.npmjs.org/
19 verbose request id 6362841504da539d
20 verbose url raw /uglify-js
21 verbose url resolving [ 'https://registry.npmjs.org/', './uglify-js' ]
22 verbose url resolved https://registry.npmjs.org/uglify-js
23 verbose request where is https://registry.npmjs.org/uglify-js
24 info trying registry request attempt 1 at 19:45:57
25 verbose etag "9Q0GVIWQWA6GDBUNA8QT7SIKL"
26 http GET https://registry.npmjs.org/uglify-js
27 http 304 https://registry.npmjs.org/uglify-js
28 silly registry.get cb [ 304,
28 silly registry.get   { date: 'Wed, 12 Nov 2014 17:45:56 GMT',
28 silly registry.get     server: 'Apache',
28 silly registry.get     via: '1.1 varnish',
28 silly registry.get     'last-modified': 'Wed, 12 Nov 2014 17:45:56 GMT',
28 silly registry.get     'cache-control': 'max-age=60',
28 silly registry.get     etag: '"9Q0GVIWQWA6GDBUNA8QT7SIKL"',
28 silly registry.get     age: '12',
28 silly registry.get     'x-served-by': 'cache-ams4144-AMS',
28 silly registry.get     'x-cache': 'HIT',
28 silly registry.get     'x-cache-hits': '1',
28 silly registry.get     'x-timer': 'S1415814356.915183,VS0,VE0',
28 silly registry.get     vary: 'Accept',
28 silly registry.get     'content-length': '0',
28 silly registry.get     'keep-alive': 'timeout=10, max=50',
28 silly registry.get     connection: 'Keep-Alive' } ]
29 verbose etag https://registry.npmjs.org/uglify-js from cache
30 silly addNameRange number 2 { name: 'uglify-js', range: '*', hasData: true }
31 silly addNameRange versions [ 'uglify-js',
31 silly addNameRange   [ '0.0.1',
31 silly addNameRange     '0.0.2',
31 silly addNameRange     '0.0.3',
31 silly addNameRange     '0.0.4',
31 silly addNameRange     '0.0.5',
31 silly addNameRange     '1.0.1',
31 silly addNameRange     '1.0.2',
31 silly addNameRange     '1.0.3',
31 silly addNameRange     '1.0.4',
31 silly addNameRange     '1.0.5',
31 silly addNameRange     '1.0.6',
31 silly addNameRange     '1.0.7',
31 silly addNameRange     '1.1.0',
31 silly addNameRange     '1.1.1',
31 silly addNameRange     '1.2.0',
31 silly addNameRange     '1.2.1',
31 silly addNameRange     '1.2.2',
31 silly addNameRange     '1.2.3',
31 silly addNameRange     '1.2.4',
31 silly addNameRange     '1.2.5',
31 silly addNameRange     '1.2.6',
31 silly addNameRange     '1.3.0',
31 silly addNameRange     '1.3.1',
31 silly addNameRange     '1.3.2',
31 silly addNameRange     '1.3.3',
31 silly addNameRange     '1.3.4',
31 silly addNameRange     '2.2.0',
31 silly addNameRange     '2.2.1',
31 silly addNameRange     '2.2.2',
31 silly addNameRange     '2.2.3',
31 silly addNameRange     '2.2.4',
31 silly addNameRange     '2.2.5',
31 silly addNameRange     '2.3.0',
31 silly addNameRange     '2.3.1',
31 silly addNameRange     '2.3.2',
31 silly addNameRange     '2.3.3',
31 silly addNameRange     '2.3.4',
31 silly addNameRange     '2.3.5',
31 silly addNameRange     '2.3.6',
31 silly addNameRange     '1.3.5',
31 silly addNameRange     '2.4.0',
31 silly addNameRange     '2.4.1',
31 silly addNameRange     '2.4.2',
31 silly addNameRange     '2.4.3',
31 silly addNameRange     '2.4.4',
31 silly addNameRange     '2.4.5',
31 silly addNameRange     '2.4.6',
31 silly addNameRange     '2.4.7',
31 silly addNameRange     '2.4.8',
31 silly addNameRange     '2.4.9',
31 silly addNameRange     '2.4.10',
31 silly addNameRange     '2.4.11',
31 silly addNameRange     '2.4.12',
31 silly addNameRange     '2.4.13',
31 silly addNameRange     '2.4.14',
31 silly addNameRange     '2.4.15' ] ]
32 verbose addNamed [ 'uglify-js', '2.4.15' ]
33 verbose addNamed [ '2.4.15', '2.4.15' ]
34 silly lockFile c0fc2e9c-uglify-js-2-4-15 uglify-js@2.4.15
35 verbose lock uglify-js@2.4.15 /home/kosmos/.npm/c0fc2e9c-uglify-js-2-4-15.lock
36 silly lockFile 15774d4a-g-uglify-js-uglify-js-2-4-15-tgz https://registry.npmjs.org/uglify-js/-/uglify-js-2.4.15.tgz
37 verbose lock https://registry.npmjs.org/uglify-js/-/uglify-js-2.4.15.tgz /home/kosmos/.npm/15774d4a-g-uglify-js-uglify-js-2-4-15-tgz.lock
38 verbose addRemoteTarball [ 'https://registry.npmjs.org/uglify-js/-/uglify-js-2.4.15.tgz',
38 verbose addRemoteTarball   '12bc6d84345fbc306e13f7075d6437a8bf64d7e3' ]
39 info retry fetch attempt 1 at 19:45:57
40 verbose fetch to= /tmp/npm-3168-qiJbxr8c/registry.npmjs.org/uglify-js/-/uglify-js-2.4.15.tgz
41 http GET https://registry.npmjs.org/uglify-js/-/uglify-js-2.4.15.tgz
42 http 200 https://registry.npmjs.org/uglify-js/-/uglify-js-2.4.15.tgz
43 silly lockFile 15774d4a-g-uglify-js-uglify-js-2-4-15-tgz https://registry.npmjs.org/uglify-js/-/uglify-js-2.4.15.tgz
44 silly lockFile 15774d4a-g-uglify-js-uglify-js-2-4-15-tgz https://registry.npmjs.org/uglify-js/-/uglify-js-2.4.15.tgz
45 silly lockFile c0fc2e9c-uglify-js-2-4-15 uglify-js@2.4.15
46 silly lockFile c0fc2e9c-uglify-js-2-4-15 uglify-js@2.4.15
47 silly lockFile 679a1028-uglify-js uglify-js@
48 silly lockFile 679a1028-uglify-js uglify-js@
49 silly resolved [ { name: 'uglify-js',
49 silly resolved     description: 'JavaScript parser, mangler/compressor and beautifier toolkit',
49 silly resolved     homepage: 'http://lisperator.net/uglifyjs',
49 silly resolved     main: 'tools/node.js',
49 silly resolved     version: '2.4.15',
49 silly resolved     engines: { node: '>=0.4.0' },
49 silly resolved     maintainers: [ [Object], [Object], [Object] ],
49 silly resolved     repository: { type: 'git', url: 'https://github.com/mishoo/UglifyJS2.git' },
49 silly resolved     dependencies:
49 silly resolved      { async: '~0.2.6',
49 silly resolved        'source-map': '0.1.34',
49 silly resolved        optimist: '~0.3.5',
49 silly resolved        'uglify-to-browserify': '~1.0.0' },
49 silly resolved     browserify: { transform: [Object] },
49 silly resolved     bin: { uglifyjs: 'bin/uglifyjs' },
49 silly resolved     scripts: { test: 'node test/run-tests.js' },
49 silly resolved     gitHead: '83e0939088a26ad8c28bd2c1719f92bdcf17d045',
49 silly resolved     bugs: { url: 'https://github.com/mishoo/UglifyJS2/issues' },
49 silly resolved     _id: 'uglify-js@2.4.15',
49 silly resolved     _shasum: '12bc6d84345fbc306e13f7075d6437a8bf64d7e3',
49 silly resolved     _from: 'uglify-js@',
49 silly resolved     _npmVersion: '1.4.14',
49 silly resolved     _npmUser: { name: 'mishoo', email: 'mihai.bazon@gmail.com' },
49 silly resolved     dist:
49 silly resolved      { shasum: '12bc6d84345fbc306e13f7075d6437a8bf64d7e3',
49 silly resolved        tarball: 'http://registry.npmjs.org/uglify-js/-/uglify-js-2.4.15.tgz' },
49 silly resolved     directories: {},
49 silly resolved     _resolved: 'https://registry.npmjs.org/uglify-js/-/uglify-js-2.4.15.tgz' } ]
50 info install uglify-js@2.4.15 into /usr/lib
51 info installOne uglify-js@2.4.15
52 verbose lib/node_modules/uglify-js unbuild
53 verbose tar unpack /home/kosmos/.npm/uglify-js/2.4.15/package.tgz
54 silly lockFile d60c1aca-r-usr-lib-node-modules-uglify-js tar:///usr/lib/node_modules/uglify-js
55 verbose lock tar:///usr/lib/node_modules/uglify-js /home/kosmos/.npm/d60c1aca-r-usr-lib-node-modules-uglify-js.lock
56 silly lockFile 36b39e98-npm-uglify-js-2-4-15-package-tgz tar:///home/kosmos/.npm/uglify-js/2.4.15/package.tgz
57 verbose lock tar:///home/kosmos/.npm/uglify-js/2.4.15/package.tgz /home/kosmos/.npm/36b39e98-npm-uglify-js-2-4-15-package-tgz.lock
58 silly gunzTarPerm modes [ '775', '664' ]
59 error Error: EACCES, mkdir '/usr/lib/node_modules/uglify-js'
59 error  { [Error: EACCES, mkdir '/usr/lib/node_modules/uglify-js']
59 error   errno: 3,
59 error   code: 'EACCES',
59 error   path: '/usr/lib/node_modules/uglify-js',
59 error   fstream_type: 'Directory',
59 error   fstream_path: '/usr/lib/node_modules/uglify-js',
59 error   fstream_class: 'DirWriter',
59 error   fstream_stack:
59 error    [ '/usr/lib/node_modules/npm/node_modules/fstream/lib/dir-writer.js:36:23',
59 error      '/usr/lib/node_modules/npm/node_modules/mkdirp/index.js:46:53',
59 error      'Object.oncomplete (fs.js:107:15)' ] }
60 error Please try running this command again as root/Administrator.
61 error System Linux 3.13.0-32-generic
62 error command "/usr/bin/node" "/usr/bin/npm" "install" "-g" "uglify-js"
63 error cwd /opt/lampp/htdocs/kunstmaan
64 error node -v v0.10.33
65 error npm -v 1.4.28
66 error path /usr/lib/node_modules/uglify-js
67 error fstream_path /usr/lib/node_modules/uglify-js
68 error fstream_type Directory
69 error fstream_class DirWriter
70 error code EACCES
71 error errno 3
72 error stack Error: EACCES, mkdir '/usr/lib/node_modules/uglify-js'
73 error fstream_stack /usr/lib/node_modules/npm/node_modules/fstream/lib/dir-writer.js:36:23
73 error fstream_stack /usr/lib/node_modules/npm/node_modules/mkdirp/index.js:46:53
73 error fstream_stack Object.oncomplete (fs.js:107:15)
74 verbose exit [ 3, true ]
